# JRE version: OpenJDK Runtime Environment Temurin-21.0.9+10 (21.0.9+10) (build 21.0.9+10-LTS)
# Java VM: OpenJDK 64-Bit Server VM Temurin-21.0.9+10 (21.0.9+10-LTS, mixed mode, sharing, tiered, compressed oops, compressed class ptrs, g1 gc, windows-amd64)
GC Precious Log:
 CardTable entry size: 512
 Card Set container configuration: InlinePtr #cards 4 size 8 Array Of Cards #cards 16 size 48 Howl #buckets 8 coarsen threshold 3686 Howl Bitmap #cards 512 size 80 coarsen threshold 460 Card regions per heap region 1 cards per card region 4096
 CPUs: 12 total, 12 available
 Memory: 16151M
 Large Page Support: Disabled
 NUMA Support: Disabled
 Compressed Oops: Enabled (Zero based)
 Heap Region Size: 2M
 Heap Min Capacity: 8M
 Heap Initial Capacity: 254M
 Heap Max Capacity: 4038M
 Pre-touch: Disabled
 Parallel Workers: 10
 Concurrent Workers: 3
 Concurrent Refinement Workers: 10
 Periodic GC: Disabled
Heap:
 garbage-first heap   total 67584K, used 46268K [0x0000000703a00000, 0x0000000800000000)
  region size 2048K, 16 young (32768K), 2 survivors (4096K)
 Metaspace       used 34838K, committed 35968K, reserved 1114112K
  class space    used 3589K, committed 4096K, reserved 1048576K
GC Heap History (14 events):
Event: 0.879 GC heap before
{Heap before GC invocations=0 (full 0):
 garbage-first heap   total 260096K, used 22528K [0x0000000703a00000, 0x0000000800000000)
  region size 2048K, 11 young (22528K), 0 survivors (0K)
 Metaspace       used 4098K, committed 4352K, reserved 1114112K
  class space    used 452K, committed 576K, reserved 1048576K
}
Event: 0.903 GC heap after
{Heap after GC invocations=1 (full 0):
 garbage-first heap   total 260096K, used 3274K [0x0000000703a00000, 0x0000000800000000)
  region size 2048K, 2 young (4096K), 2 survivors (4096K)
 Metaspace       used 4098K, committed 4352K, reserved 1114112K
  class space    used 452K, committed 576K, reserved 1048576K
}
Event: 2.008 GC heap before
{Heap before GC invocations=1 (full 0):
 garbage-first heap   total 260096K, used 40138K [0x0000000703a00000, 0x0000000800000000)
  region size 2048K, 21 young (43008K), 2 survivors (4096K)
 Metaspace       used 9336K, committed 9664K, reserved 1114112K
  class space    used 1007K, committed 1152K, reserved 1048576K
}
Event: 2.014 GC heap after
{Heap after GC invocations=2 (full 0):
 garbage-first heap   total 260096K, used 7217K [0x0000000703a00000, 0x0000000800000000)
  region size 2048K, 3 young (6144K), 3 survivors (6144K)
 Metaspace       used 9336K, committed 9664K, reserved 1114112K
  class space    used 1007K, committed 1152K, reserved 1048576K
}
Event: 4.543 GC heap before
{Heap before GC invocations=2 (full 0):
 garbage-first heap   total 260096K, used 113713K [0x0000000703a00000, 0x0000000800000000)
  region size 2048K, 56 young (114688K), 3 survivors (6144K)
 Metaspace       used 20515K, committed 21376K, reserved 1114112K
  class space    used 2198K, committed 2560K, reserved 1048576K
}
Event: 4.552 GC heap after
{Heap after GC invocations=3 (full 0):
 garbage-first heap   total 260096K, used 13761K [0x0000000703a00000, 0x0000000800000000)
  region size 2048K, 6 young (12288K), 6 survivors (12288K)
 Metaspace       used 20515K, committed 21376K, reserved 1114112K
  class space    used 2198K, committed 2560K, reserved 1048576K
}
Event: 4.575 GC heap before
{Heap before GC invocations=3 (full 0):
 garbage-first heap   total 260096K, used 15809K [0x0000000703a00000, 0x0000000800000000)
  region size 2048K, 8 young (16384K), 6 survivors (12288K)
 Metaspace       used 20627K, committed 21504K, reserved 1114112K
  class space    used 2208K, committed 2624K, reserved 1048576K
}
Event: 4.581 GC heap after
{Heap after GC invocations=4 (full 0):
 garbage-first heap   total 260096K, used 14388K [0x0000000703a00000, 0x0000000800000000)
  region size 2048K, 6 young (12288K), 6 survivors (12288K)
 Metaspace       used 20627K, committed 21504K, reserved 1114112K
  class space    used 2208K, committed 2624K, reserved 1048576K
}
Event: 5.007 GC heap before
{Heap before GC invocations=5 (full 0):
 garbage-first heap   total 55296K, used 53300K [0x0000000703a00000, 0x0000000800000000)
  region size 2048K, 25 young (51200K), 6 survivors (12288K)
 Metaspace       used 24816K, committed 25792K, reserved 1114112K
  class space    used 2528K, committed 2944K, reserved 1048576K
}
Event: 5.013 GC heap after
{Heap after GC invocations=6 (full 0):
 garbage-first heap   total 67584K, used 15134K [0x0000000703a00000, 0x0000000800000000)
  region size 2048K, 6 young (12288K), 6 survivors (12288K)
 Metaspace       used 24816K, committed 25792K, reserved 1114112K
  class space    used 2528K, committed 2944K, reserved 1048576K
}
Event: 5.155 GC heap before
{Heap before GC invocations=6 (full 0):
 garbage-first heap   total 67584K, used 41758K [0x0000000703a00000, 0x0000000800000000)
  region size 2048K, 19 young (38912K), 6 survivors (12288K)
 Metaspace       used 26958K, committed 27904K, reserved 1114112K
  class space    used 2685K, committed 3072K, reserved 1048576K
}
Event: 5.161 GC heap after
{Heap after GC invocations=7 (full 0):
 garbage-first heap   total 67584K, used 17507K [0x0000000703a00000, 0x0000000800000000)
  region size 2048K, 3 young (6144K), 3 survivors (6144K)
 Metaspace       used 26958K, committed 27904K, reserved 1114112K
  class space    used 2685K, committed 3072K, reserved 1048576K
}
Event: 5.858 GC heap before
{Heap before GC invocations=7 (full 0):
 garbage-first heap   total 67584K, used 50275K [0x0000000703a00000, 0x0000000800000000)
  region size 2048K, 19 young (38912K), 3 survivors (6144K)
 Metaspace       used 31078K, committed 32064K, reserved 1114112K
  class space    used 3140K, committed 3584K, reserved 1048576K
}
Event: 5.860 GC heap after
{Heap after GC invocations=8 (full 0):
 garbage-first heap   total 67584K, used 19206K [0x0000000703a00000, 0x0000000800000000)
  region size 2048K, 3 young (6144K), 3 survivors (6144K)
 Metaspace       used 31078K, committed 32064K, reserved 1114112K
  class space    used 3140K, committed 3584K, reserved 1048576K
}

