# JRE version: OpenJDK Runtime Environment Temurin-21.0.9+10 (21.0.9+10) (build 21.0.9+10-LTS)
# Java VM: OpenJDK 64-Bit Server VM Temurin-21.0.9+10 (21.0.9+10-LTS, mixed mode, sharing, tiered, compressed oops, compressed class ptrs, g1 gc, windows-amd64)
GC Precious Log:
 CardTable entry size: 512
 Card Set container configuration: InlinePtr #cards 4 size 8 Array Of Cards #cards 16 size 48 Howl #buckets 8 coarsen threshold 3686 Howl Bitmap #cards 512 size 80 coarsen threshold 460 Card regions per heap region 1 cards per card region 4096
 CPUs: 12 total, 12 available
 Memory: 16151M
 Large Page Support: Disabled
 NUMA Support: Disabled
 Compressed Oops: Enabled (Zero based)
 Heap Region Size: 2M
 Heap Min Capacity: 8M
 Heap Initial Capacity: 254M
 Heap Max Capacity: 4038M
 Pre-touch: Disabled
 Parallel Workers: 10
 Concurrent Workers: 3
 Concurrent Refinement Workers: 10
 Periodic GC: Disabled
Heap:
 garbage-first heap   total 110592K, used 71974K [0x0000000703a00000, 0x0000000800000000)
  region size 2048K, 14 young (28672K), 3 survivors (6144K)
 Metaspace       used 53931K, committed 55360K, reserved 1114112K
  class space    used 5873K, committed 6528K, reserved 1048576K
GC Heap History (20 events):
Event: 10.718 GC heap before
{Heap before GC invocations=12 (full 0):
 garbage-first heap   total 75776K, used 64472K [0x0000000703a00000, 0x0000000800000000)
  region size 2048K, 20 young (40960K), 1 survivors (2048K)
 Metaspace       used 43668K, committed 44928K, reserved 1114112K
  class space    used 4708K, committed 5248K, reserved 1048576K
}
Event: 10.724 GC heap after
{Heap after GC invocations=13 (full 0):
 garbage-first heap   total 75776K, used 33686K [0x0000000703a00000, 0x0000000800000000)
  region size 2048K, 3 young (6144K), 3 survivors (6144K)
 Metaspace       used 43668K, committed 44928K, reserved 1114112K
  class space    used 4708K, committed 5248K, reserved 1048576K
}
Event: 11.562 GC heap before
{Heap before GC invocations=13 (full 0):
 garbage-first heap   total 75776K, used 60310K [0x0000000703a00000, 0x0000000800000000)
  region size 2048K, 16 young (32768K), 3 survivors (6144K)
 Metaspace       used 45545K, committed 46720K, reserved 1114112K
  class space    used 4953K, committed 5440K, reserved 1048576K
}
Event: 11.566 GC heap after
{Heap after GC invocations=14 (full 0):
 garbage-first heap   total 75776K, used 38204K [0x0000000703a00000, 0x0000000800000000)
  region size 2048K, 2 young (4096K), 2 survivors (4096K)
 Metaspace       used 45545K, committed 46720K, reserved 1114112K
  class space    used 4953K, committed 5440K, reserved 1048576K
}
Event: 12.453 GC heap before
{Heap before GC invocations=14 (full 0):
 garbage-first heap   total 75776K, used 58684K [0x0000000703a00000, 0x0000000800000000)
  region size 2048K, 13 young (26624K), 2 survivors (4096K)
 Metaspace       used 47103K, committed 48320K, reserved 1114112K
  class space    used 5118K, committed 5632K, reserved 1048576K
}
Event: 12.455 GC heap after
{Heap after GC invocations=15 (full 0):
 garbage-first heap   total 75776K, used 37093K [0x0000000703a00000, 0x0000000800000000)
  region size 2048K, 1 young (2048K), 1 survivors (2048K)
 Metaspace       used 47103K, committed 48320K, reserved 1114112K
  class space    used 5118K, committed 5632K, reserved 1048576K
}
Event: 12.944 GC heap before
{Heap before GC invocations=16 (full 0):
 garbage-first heap   total 75776K, used 61669K [0x0000000703a00000, 0x0000000800000000)
  region size 2048K, 13 young (26624K), 1 survivors (2048K)
 Metaspace       used 47181K, committed 48384K, reserved 1114112K
  class space    used 5127K, committed 5632K, reserved 1048576K
}
Event: 12.945 GC heap after
{Heap after GC invocations=17 (full 0):
 garbage-first heap   total 75776K, used 37046K [0x0000000703a00000, 0x0000000800000000)
  region size 2048K, 1 young (2048K), 1 survivors (2048K)
 Metaspace       used 47181K, committed 48384K, reserved 1114112K
  class space    used 5127K, committed 5632K, reserved 1048576K
}
Event: 14.058 GC heap before
{Heap before GC invocations=17 (full 0):
 garbage-first heap   total 75776K, used 61622K [0x0000000703a00000, 0x0000000800000000)
  region size 2048K, 14 young (28672K), 1 survivors (2048K)
 Metaspace       used 48945K, committed 50368K, reserved 1114112K
  class space    used 5294K, committed 5952K, reserved 1048576K
}
Event: 14.060 GC heap after
{Heap after GC invocations=18 (full 0):
 garbage-first heap   total 75776K, used 38250K [0x0000000703a00000, 0x0000000800000000)
  region size 2048K, 2 young (4096K), 2 survivors (4096K)
 Metaspace       used 48945K, committed 50368K, reserved 1114112K
  class space    used 5294K, committed 5952K, reserved 1048576K
}
Event: 14.398 GC heap before
{Heap before GC invocations=18 (full 0):
 garbage-first heap   total 75776K, used 64874K [0x0000000703a00000, 0x0000000800000000)
  region size 2048K, 15 young (30720K), 2 survivors (4096K)
 Metaspace       used 49301K, committed 50688K, reserved 1114112K
  class space    used 5349K, committed 6016K, reserved 1048576K
}
Event: 14.401 GC heap after
{Heap after GC invocations=19 (full 0):
 garbage-first heap   total 75776K, used 40934K [0x0000000703a00000, 0x0000000800000000)
  region size 2048K, 2 young (4096K), 2 survivors (4096K)
 Metaspace       used 49301K, committed 50688K, reserved 1114112K
  class space    used 5349K, committed 6016K, reserved 1048576K
}
Event: 14.521 GC heap before
{Heap before GC invocations=20 (full 0):
 garbage-first heap   total 75776K, used 67558K [0x0000000703a00000, 0x0000000800000000)
  region size 2048K, 15 young (30720K), 2 survivors (4096K)
 Metaspace       used 49346K, committed 50752K, reserved 1114112K
  class space    used 5349K, committed 6016K, reserved 1048576K
}
Event: 14.525 GC heap after
{Heap after GC invocations=21 (full 0):
 garbage-first heap   total 77824K, used 44429K [0x0000000703a00000, 0x0000000800000000)
  region size 2048K, 2 young (4096K), 2 survivors (4096K)
 Metaspace       used 49346K, committed 50752K, reserved 1114112K
  class space    used 5349K, committed 6016K, reserved 1048576K
}
Event: 14.575 GC heap before
{Heap before GC invocations=21 (full 0):
 garbage-first heap   total 77824K, used 66957K [0x0000000703a00000, 0x0000000800000000)
  region size 2048K, 13 young (26624K), 2 survivors (4096K)
 Metaspace       used 49349K, committed 50752K, reserved 1114112K
  class space    used 5349K, committed 6016K, reserved 1048576K
}
Event: 14.579 GC heap after
{Heap after GC invocations=22 (full 0):
 garbage-first heap   total 110592K, used 45577K [0x0000000703a00000, 0x0000000800000000)
  region size 2048K, 2 young (4096K), 2 survivors (4096K)
 Metaspace       used 49349K, committed 50752K, reserved 1114112K
  class space    used 5349K, committed 6016K, reserved 1048576K
}
Event: 14.989 GC heap before
{Heap before GC invocations=22 (full 0):
 garbage-first heap   total 110592K, used 92681K [0x0000000703a00000, 0x0000000800000000)
  region size 2048K, 25 young (51200K), 2 survivors (4096K)
 Metaspace       used 50450K, committed 51904K, reserved 1114112K
  class space    used 5501K, committed 6144K, reserved 1048576K
}
Event: 14.994 GC heap after
{Heap after GC invocations=23 (full 0):
 garbage-first heap   total 110592K, used 49826K [0x0000000703a00000, 0x0000000800000000)
  region size 2048K, 4 young (8192K), 4 survivors (8192K)
 Metaspace       used 50450K, committed 51904K, reserved 1114112K
  class space    used 5501K, committed 6144K, reserved 1048576K
}
Event: 17.415 GC heap before
{Heap before GC invocations=23 (full 0):
 garbage-first heap   total 110592K, used 94882K [0x0000000703a00000, 0x0000000800000000)
  region size 2048K, 26 young (53248K), 4 survivors (8192K)
 Metaspace       used 53900K, committed 55360K, reserved 1114112K
  class space    used 5867K, committed 6528K, reserved 1048576K
}
Event: 17.418 GC heap after
{Heap after GC invocations=24 (full 0):
 garbage-first heap   total 110592K, used 51494K [0x0000000703a00000, 0x0000000800000000)
  region size 2048K, 3 young (6144K), 3 survivors (6144K)
 Metaspace       used 53900K, committed 55360K, reserved 1114112K
  class space    used 5867K, committed 6528K, reserved 1048576K
}

